<?xml version="1.0" encoding="UTF-8"?>
<coverage generated="1564151768896" clover="3.2.0">
  <project timestamp="1564151768897" name="All files">
    <metrics statements="31" coveredstatements="16" conditionals="4" coveredconditionals="2" methods="21" coveredmethods="10" elements="56" coveredelements="28" complexity="0" loc="31" ncloc="31" packages="2" files="5" classes="5"/>
    <package name="src">
      <metrics statements="16" coveredstatements="2" conditionals="0" coveredconditionals="0" methods="12" coveredmethods="1"/>
      <file name="App.js" path="C:\Users\user\Desktop\Online Courses\Udemy\Junior to Senior Web Developer\Udemy-Junior-to-Senior-Web-Developer-Course\4. React Redux Webpack\robofriends\Robofriends-react-redux\src\App.js">
        <metrics statements="7" coveredstatements="0" conditionals="0" coveredconditionals="0" methods="5" coveredmethods="0"/>
        <line num="7" count="0" type="stmt"/>
        <line num="8" count="0" type="stmt"/>
        <line num="17" count="0" type="stmt"/>
        <line num="18" count="0" type="stmt"/>
        <line num="19" count="0" type="stmt"/>
        <line num="20" count="0" type="stmt"/>
        <line num="26" count="0" type="stmt"/>
      </file>
      <file name="Card.js" path="C:\Users\user\Desktop\Online Courses\Udemy\Junior to Senior Web Developer\Udemy-Junior-to-Senior-Web-Developer-Course\4. React Redux Webpack\robofriends\Robofriends-react-redux\src\Card.js">
        <metrics statements="2" coveredstatements="0" conditionals="0" coveredconditionals="0" methods="1" coveredmethods="0"/>
        <line num="4" count="0" type="stmt"/>
        <line num="5" count="0" type="stmt"/>
      </file>
      <file name="actions.js" path="C:\Users\user\Desktop\Online Courses\Udemy\Junior to Senior Web Developer\Udemy-Junior-to-Senior-Web-Developer-Course\4. React Redux Webpack\robofriends\Robofriends-react-redux\src\actions.js">
        <metrics statements="7" coveredstatements="2" conditionals="0" coveredconditionals="0" methods="6" coveredmethods="1"/>
        <line num="9" count="1" type="stmt"/>
        <line num="14" count="1" type="stmt"/>
        <line num="15" count="0" type="stmt"/>
        <line num="18" count="0" type="stmt"/>
        <line num="19" count="0" type="stmt"/>
        <line num="20" count="0" type="stmt"/>
        <line num="21" count="0" type="stmt"/>
      </file>
    </package>
    <package name="src.components">
      <metrics statements="15" coveredstatements="14" conditionals="4" coveredconditionals="2" methods="9" coveredmethods="9"/>
      <file name="CounterButton.js" path="C:\Users\user\Desktop\Online Courses\Udemy\Junior to Senior Web Developer\Udemy-Junior-to-Senior-Web-Developer-Course\4. React Redux Webpack\robofriends\Robofriends-react-redux\src\components\CounterButton.js">
        <metrics statements="9" coveredstatements="8" conditionals="2" coveredconditionals="1" methods="5" coveredmethods="5"/>
        <line num="5" count="2" type="stmt"/>
        <line num="6" count="2" type="stmt"/>
        <line num="12" count="2" type="cond" truecount="1" falsecount="1"/>
        <line num="13" count="2" type="stmt"/>
        <line num="15" count="0" type="stmt"/>
        <line num="18" count="2" type="stmt"/>
        <line num="19" count="2" type="stmt"/>
        <line num="20" count="2" type="stmt"/>
        <line num="26" count="4" type="stmt"/>
      </file>
      <file name="MainPage.js" path="C:\Users\user\Desktop\Online Courses\Udemy\Junior to Senior Web Developer\Udemy-Junior-to-Senior-Web-Developer-Course\4. React Redux Webpack\robofriends\Robofriends-react-redux\src\components\MainPage.js">
        <metrics statements="6" coveredstatements="6" conditionals="2" coveredconditionals="1" methods="4" coveredmethods="4"/>
        <line num="11" count="3" type="stmt"/>
        <line num="15" count="3" type="stmt"/>
        <line num="16" count="4" type="stmt"/>
        <line num="17" count="2" type="stmt"/>
        <line num="21" count="3" type="stmt"/>
        <line num="23" count="3" type="cond" truecount="1" falsecount="1"/>
      </file>
    </package>
  </project>
</coverage>
