{"C:\\Users\\user\\Desktop\\Online Courses\\Udemy\\Junior to Senior Web Developer\\Udemy-Junior-to-Senior-Web-Developer-Course\\4. React Redux Webpack\\robofriends\\Robofriends-react-redux\\src\\App.js": {"path":"C:\\Users\\user\\Desktop\\Online Courses\\Udemy\\Junior to Senior Web Developer\\Udemy-Junior-to-Senior-Web-Developer-Course\\4. React Redux Webpack\\robofriends\\Robofriends-react-redux\\src\\App.js","statementMap":{"0":{"start":{"line":7,"column":25},"end":{"line":15,"column":1}},"1":{"start":{"line":8,"column":1},"end":{"line":14,"column":2}},"2":{"start":{"line":17,"column":26},"end":{"line":22,"column":1}},"3":{"start":{"line":18,"column":1},"end":{"line":21,"column":2}},"4":{"start":{"line":19,"column":29},"end":{"line":19,"column":73}},"5":{"start":{"line":20,"column":25},"end":{"line":20,"column":50}},"6":{"start":{"line":26,"column":2},"end":{"line":26,"column":38}}},"fnMap":{"0":{"name":"(anonymous_0)","decl":{"start":{"line":7,"column":25},"end":{"line":7,"column":26}},"loc":{"start":{"line":7,"column":34},"end":{"line":15,"column":1}},"line":7},"1":{"name":"(anonymous_1)","decl":{"start":{"line":17,"column":26},"end":{"line":17,"column":27}},"loc":{"start":{"line":17,"column":40},"end":{"line":22,"column":1}},"line":17},"2":{"name":"(anonymous_2)","decl":{"start":{"line":19,"column":18},"end":{"line":19,"column":19}},"loc":{"start":{"line":19,"column":29},"end":{"line":19,"column":73}},"line":19},"3":{"name":"(anonymous_3)","decl":{"start":{"line":20,"column":19},"end":{"line":20,"column":20}},"loc":{"start":{"line":20,"column":25},"end":{"line":20,"column":50}},"line":20},"4":{"name":"(anonymous_4)","decl":{"start":{"line":25,"column":1},"end":{"line":25,"column":2}},"loc":{"start":{"line":25,"column":10},"end":{"line":27,"column":2}},"line":25}},"branchMap":{},"s":{"0":0,"1":0,"2":0,"3":0,"4":0,"5":0,"6":0},"f":{"0":0,"1":0,"2":0,"3":0,"4":0},"b":{},"hash":"f05a73e761a228d0a2d1ef2e8d6884c9f865f180"}
,"C:\\Users\\user\\Desktop\\Online Courses\\Udemy\\Junior to Senior Web Developer\\Udemy-Junior-to-Senior-Web-Developer-Course\\4. React Redux Webpack\\robofriends\\Robofriends-react-redux\\src\\Card.js": {"path":"C:\\Users\\user\\Desktop\\Online Courses\\Udemy\\Junior to Senior Web Developer\\Udemy-Junior-to-Senior-Web-Developer-Course\\4. React Redux Webpack\\robofriends\\Robofriends-react-redux\\src\\Card.js","statementMap":{"0":{"start":{"line":4,"column":13},"end":{"line":14,"column":1}},"1":{"start":{"line":5,"column":1},"end":{"line":13,"column":4}}},"fnMap":{"0":{"name":"(anonymous_0)","decl":{"start":{"line":4,"column":13},"end":{"line":4,"column":14}},"loc":{"start":{"line":4,"column":34},"end":{"line":14,"column":1}},"line":4}},"branchMap":{},"s":{"0":0,"1":0},"f":{"0":0},"b":{},"hash":"fe5b787eb6cbb0b0eeb3a6d1353328154376572a"}
,"C:\\Users\\user\\Desktop\\Online Courses\\Udemy\\Junior to Senior Web Developer\\Udemy-Junior-to-Senior-Web-Developer-Course\\4. React Redux Webpack\\robofriends\\Robofriends-react-redux\\src\\actions.js": {"path":"C:\\Users\\user\\Desktop\\Online Courses\\Udemy\\Junior to Senior Web Developer\\Udemy-Junior-to-Senior-Web-Developer-Course\\4. React Redux Webpack\\robofriends\\Robofriends-react-redux\\src\\actions.js","statementMap":{"0":{"start":{"line":9,"column":30},"end":{"line":12,"column":2}},"1":{"start":{"line":9,"column":41},"end":{"line":12,"column":1}},"2":{"start":{"line":14,"column":29},"end":{"line":22,"column":1}},"3":{"start":{"line":14,"column":35},"end":{"line":22,"column":1}},"4":{"start":{"line":15,"column":1},"end":{"line":17,"column":3}},"5":{"start":{"line":18,"column":1},"end":{"line":21,"column":72}},"6":{"start":{"line":19,"column":20},"end":{"line":19,"column":35}},"7":{"start":{"line":20,"column":15},"end":{"line":20,"column":71}},"8":{"start":{"line":21,"column":17},"end":{"line":21,"column":71}}},"fnMap":{"0":{"name":"(anonymous_0)","decl":{"start":{"line":9,"column":30},"end":{"line":9,"column":31}},"loc":{"start":{"line":9,"column":41},"end":{"line":12,"column":1}},"line":9},"1":{"name":"(anonymous_1)","decl":{"start":{"line":14,"column":29},"end":{"line":14,"column":30}},"loc":{"start":{"line":14,"column":35},"end":{"line":22,"column":1}},"line":14},"2":{"name":"(anonymous_2)","decl":{"start":{"line":14,"column":35},"end":{"line":14,"column":36}},"loc":{"start":{"line":14,"column":49},"end":{"line":22,"column":1}},"line":14},"3":{"name":"(anonymous_3)","decl":{"start":{"line":19,"column":7},"end":{"line":19,"column":8}},"loc":{"start":{"line":19,"column":20},"end":{"line":19,"column":35}},"line":19},"4":{"name":"(anonymous_4)","decl":{"start":{"line":20,"column":7},"end":{"line":20,"column":8}},"loc":{"start":{"line":20,"column":15},"end":{"line":20,"column":71}},"line":20},"5":{"name":"(anonymous_5)","decl":{"start":{"line":21,"column":8},"end":{"line":21,"column":9}},"loc":{"start":{"line":21,"column":17},"end":{"line":21,"column":71}},"line":21}},"branchMap":{},"s":{"0":1,"1":1,"2":1,"3":0,"4":0,"5":0,"6":0,"7":0,"8":0},"f":{"0":1,"1":0,"2":0,"3":0,"4":0,"5":0},"b":{},"_coverageSchema":"43e27e138ebf9cfc5966b082cf9a028302ed4184","hash":"ce525f8f4fde7ee1858194b1d1b0fc89e800f5a7"}
,"C:\\Users\\user\\Desktop\\Online Courses\\Udemy\\Junior to Senior Web Developer\\Udemy-Junior-to-Senior-Web-Developer-Course\\4. React Redux Webpack\\robofriends\\Robofriends-react-redux\\src\\components\\CounterButton.js": {"path":"C:\\Users\\user\\Desktop\\Online Courses\\Udemy\\Junior to Senior Web Developer\\Udemy-Junior-to-Senior-Web-Developer-Course\\4. React Redux Webpack\\robofriends\\Robofriends-react-redux\\src\\components\\CounterButton.js","statementMap":{"0":{"start":{"line":5,"column":2},"end":{"line":5,"column":10}},"1":{"start":{"line":6,"column":2},"end":{"line":8,"column":3}},"2":{"start":{"line":12,"column":2},"end":{"line":14,"column":3}},"3":{"start":{"line":13,"column":3},"end":{"line":13,"column":14}},"4":{"start":{"line":15,"column":2},"end":{"line":15,"column":14}},"5":{"start":{"line":18,"column":15},"end":{"line":22,"column":2}},"6":{"start":{"line":19,"column":2},"end":{"line":21,"column":4}},"7":{"start":{"line":20,"column":3},"end":{"line":20,"column":38}},"8":{"start":{"line":26,"column":2},"end":{"line":33,"column":5}}},"fnMap":{"0":{"name":"(anonymous_0)","decl":{"start":{"line":4,"column":1},"end":{"line":4,"column":2}},"loc":{"start":{"line":4,"column":14},"end":{"line":9,"column":2}},"line":4},"1":{"name":"(anonymous_1)","decl":{"start":{"line":11,"column":1},"end":{"line":11,"column":2}},"loc":{"start":{"line":11,"column":45},"end":{"line":16,"column":2}},"line":11},"2":{"name":"(anonymous_2)","decl":{"start":{"line":18,"column":15},"end":{"line":18,"column":16}},"loc":{"start":{"line":18,"column":21},"end":{"line":22,"column":2}},"line":18},"3":{"name":"(anonymous_3)","decl":{"start":{"line":19,"column":16},"end":{"line":19,"column":17}},"loc":{"start":{"line":19,"column":25},"end":{"line":21,"column":3}},"line":19},"4":{"name":"(anonymous_4)","decl":{"start":{"line":24,"column":1},"end":{"line":24,"column":2}},"loc":{"start":{"line":24,"column":10},"end":{"line":34,"column":2}},"line":24}},"branchMap":{"0":{"loc":{"start":{"line":12,"column":2},"end":{"line":14,"column":3}},"type":"if","locations":[{"start":{"line":12,"column":2},"end":{"line":14,"column":3}},{"start":{"line":12,"column":2},"end":{"line":14,"column":3}}],"line":12}},"s":{"0":2,"1":2,"2":2,"3":2,"4":0,"5":2,"6":2,"7":2,"8":4},"f":{"0":2,"1":2,"2":2,"3":2,"4":4},"b":{"0":[2,0]},"_coverageSchema":"43e27e138ebf9cfc5966b082cf9a028302ed4184","hash":"b21cb989d3d6b0266e46e468c5e5080d591a4293"}
,"C:\\Users\\user\\Desktop\\Online Courses\\Udemy\\Junior to Senior Web Developer\\Udemy-Junior-to-Senior-Web-Developer-Course\\4. React Redux Webpack\\robofriends\\Robofriends-react-redux\\src\\components\\MainPage.js": {"path":"C:\\Users\\user\\Desktop\\Online Courses\\Udemy\\Junior to Senior Web Developer\\Udemy-Junior-to-Senior-Web-Developer-Course\\4. React Redux Webpack\\robofriends\\Robofriends-react-redux\\src\\components\\MainPage.js","statementMap":{"0":{"start":{"line":11,"column":2},"end":{"line":11,"column":31}},"1":{"start":{"line":15,"column":16},"end":{"line":19,"column":2}},"2":{"start":{"line":16,"column":2},"end":{"line":18,"column":4}},"3":{"start":{"line":17,"column":3},"end":{"line":17,"column":82}},"4":{"start":{"line":21,"column":47},"end":{"line":21,"column":57}},"5":{"start":{"line":23,"column":2},"end":{"line":33,"column":4}}},"fnMap":{"0":{"name":"(anonymous_0)","decl":{"start":{"line":10,"column":1},"end":{"line":10,"column":2}},"loc":{"start":{"line":10,"column":20},"end":{"line":12,"column":2}},"line":10},"1":{"name":"(anonymous_1)","decl":{"start":{"line":15,"column":16},"end":{"line":15,"column":17}},"loc":{"start":{"line":15,"column":22},"end":{"line":19,"column":2}},"line":15},"2":{"name":"(anonymous_2)","decl":{"start":{"line":16,"column":34},"end":{"line":16,"column":35}},"loc":{"start":{"line":16,"column":42},"end":{"line":18,"column":3}},"line":16},"3":{"name":"(anonymous_3)","decl":{"start":{"line":20,"column":1},"end":{"line":20,"column":2}},"loc":{"start":{"line":20,"column":10},"end":{"line":34,"column":2}},"line":20}},"branchMap":{"0":{"loc":{"start":{"line":23,"column":9},"end":{"line":33,"column":3}},"type":"cond-expr","locations":[{"start":{"line":24,"column":2},"end":{"line":24,"column":32}},{"start":{"line":26,"column":3},"end":{"line":32,"column":9}}],"line":23}},"s":{"0":3,"1":3,"2":4,"3":2,"4":3,"5":3},"f":{"0":3,"1":4,"2":2,"3":3},"b":{"0":[0,3]},"_coverageSchema":"43e27e138ebf9cfc5966b082cf9a028302ed4184","hash":"a0353c1999e31d138a0e27699bdecdc92aeecc3a"}
}
