TN:
SF:C:\Users\user\Desktop\Online Courses\Udemy\Junior to Senior Web Developer\Udemy-Junior-to-Senior-Web-Developer-Course\4. React Redux Webpack\robofriends\Robofriends-react-redux\src\App.js
FN:7,(anonymous_0)
FN:17,(anonymous_1)
FN:19,(anonymous_2)
FN:20,(anonymous_3)
FN:25,(anonymous_4)
FNF:5
FNH:0
FNDA:0,(anonymous_0)
FNDA:0,(anonymous_1)
FNDA:0,(anonymous_2)
FNDA:0,(anonymous_3)
FNDA:0,(anonymous_4)
DA:7,0
DA:8,0
DA:17,0
DA:18,0
DA:19,0
DA:20,0
DA:26,0
LF:7
LH:0
BRF:0
BRH:0
end_of_record
TN:
SF:C:\Users\user\Desktop\Online Courses\Udemy\Junior to Senior Web Developer\Udemy-Junior-to-Senior-Web-Developer-Course\4. React Redux Webpack\robofriends\Robofriends-react-redux\src\Card.js
FN:4,(anonymous_0)
FNF:1
FNH:0
FNDA:0,(anonymous_0)
DA:4,0
DA:5,0
LF:2
LH:0
BRF:0
BRH:0
end_of_record
TN:
SF:C:\Users\user\Desktop\Online Courses\Udemy\Junior to Senior Web Developer\Udemy-Junior-to-Senior-Web-Developer-Course\4. React Redux Webpack\robofriends\Robofriends-react-redux\src\actions.js
FN:9,(anonymous_0)
FN:14,(anonymous_1)
FN:14,(anonymous_2)
FN:19,(anonymous_3)
FN:20,(anonymous_4)
FN:21,(anonymous_5)
FNF:6
FNH:1
FNDA:1,(anonymous_0)
FNDA:0,(anonymous_1)
FNDA:0,(anonymous_2)
FNDA:0,(anonymous_3)
FNDA:0,(anonymous_4)
FNDA:0,(anonymous_5)
DA:9,1
DA:14,1
DA:15,0
DA:18,0
DA:19,0
DA:20,0
DA:21,0
LF:7
LH:2
BRF:0
BRH:0
end_of_record
TN:
SF:C:\Users\user\Desktop\Online Courses\Udemy\Junior to Senior Web Developer\Udemy-Junior-to-Senior-Web-Developer-Course\4. React Redux Webpack\robofriends\Robofriends-react-redux\src\components\CounterButton.js
FN:4,(anonymous_0)
FN:11,(anonymous_1)
FN:18,(anonymous_2)
FN:19,(anonymous_3)
FN:24,(anonymous_4)
FNF:5
FNH:5
FNDA:2,(anonymous_0)
FNDA:2,(anonymous_1)
FNDA:2,(anonymous_2)
FNDA:2,(anonymous_3)
FNDA:4,(anonymous_4)
DA:5,2
DA:6,2
DA:12,2
DA:13,2
DA:15,0
DA:18,2
DA:19,2
DA:20,2
DA:26,4
LF:9
LH:8
BRDA:12,0,0,2
BRDA:12,0,1,0
BRF:2
BRH:1
end_of_record
TN:
SF:C:\Users\user\Desktop\Online Courses\Udemy\Junior to Senior Web Developer\Udemy-Junior-to-Senior-Web-Developer-Course\4. React Redux Webpack\robofriends\Robofriends-react-redux\src\components\MainPage.js
FN:10,(anonymous_0)
FN:15,(anonymous_1)
FN:16,(anonymous_2)
FN:20,(anonymous_3)
FNF:4
FNH:4
FNDA:3,(anonymous_0)
FNDA:4,(anonymous_1)
FNDA:2,(anonymous_2)
FNDA:3,(anonymous_3)
DA:11,3
DA:15,3
DA:16,4
DA:17,2
DA:21,3
DA:23,3
LF:6
LH:6
BRDA:23,0,0,0
BRDA:23,0,1,3
BRF:2
BRH:1
end_of_record
